<?xml version="1.0" encoding="UTF-8"?>
<!-- Generated by org.testng.reporters.JUnitReportReporter -->
<testsuite name="com.learnautomation.testcases.TestCaseWithoutFramework" tests="1" time="8.712" ignored="0" failures="0" timestamp="12 Feb 2019 00:17:06 GMT" skipped="0" hostname="Aihaitis-MacBook-Pro.local" errors="0">
  <testcase name="test1" time="8.712" classname="com.learnautomation.testcases.TestCaseWithoutFramework"/>
</testsuite> <!-- com.learnautomation.testcases.TestCaseWithoutFramework -->
