<?xml version="1.0" encoding="UTF-8"?>
<!-- Generated by org.testng.reporters.JUnitReportReporter -->
<testsuite name="com.learnautomation.testcases.LoginTestCRM" tests="2" time="3.858" ignored="0" failures="0" timestamp="12 Feb 2019 21:07:39 GMT" skipped="0" hostname="Aihaitis-MacBook-Pro.local" errors="0">
  <testcase name="loginApp" time="3.425" classname="com.learnautomation.testcases.LoginTestCRM"/>
  <testcase name="loginApp1" time="0.433" classname="com.learnautomation.testcases.LoginTestCRM"/>
</testsuite> <!-- com.learnautomation.testcases.LoginTestCRM -->
